d:\gitproject\crazyengine\engine\debug\engine.pdb
d:\gitproject\crazyengine\engine\debug\engine.idb
d:\gitproject\crazyengine\engine\debug\camera2d.obj
d:\gitproject\crazyengine\engine\debug\camera3d.obj
d:\gitproject\crazyengine\engine\debug\collider2d.obj
d:\gitproject\crazyengine\engine\debug\core.obj
d:\gitproject\crazyengine\engine\debug\cube.obj
d:\gitproject\crazyengine\engine\debug\extrafunction.obj
d:\gitproject\crazyengine\engine\debug\gameobject.obj
d:\gitproject\crazyengine\engine\debug\gameobject2d.obj
d:\gitproject\crazyengine\engine\debug\glslprogram.obj
d:\gitproject\crazyengine\engine\debug\gomanager.obj
d:\gitproject\crazyengine\engine\debug\inputmanager.obj
d:\gitproject\crazyengine\engine\debug\mesh.obj
d:\gitproject\crazyengine\engine\debug\picopng.obj
d:\gitproject\crazyengine\engine\debug\sprite.obj
d:\gitproject\crazyengine\engine\debug\spritebatch.obj
d:\gitproject\crazyengine\engine\debug\texture.obj
d:\gitproject\crazyengine\engine\debug\texturecache.obj
d:\gitproject\crazyengine\engine\debug\window.obj
d:\gitproject\crazyengine\debug\engine.lib
d:\gitproject\crazyengine\debug\engine.pdb
d:\gitproject\crazyengine\engine\debug\engine.tlog\cl.command.1.tlog
d:\gitproject\crazyengine\engine\debug\engine.tlog\cl.read.1.tlog
d:\gitproject\crazyengine\engine\debug\engine.tlog\cl.write.1.tlog
d:\gitproject\crazyengine\engine\debug\engine.tlog\lib-link.read.1.tlog
d:\gitproject\crazyengine\engine\debug\engine.tlog\lib-link.write.1.tlog
d:\gitproject\crazyengine\engine\debug\engine.tlog\lib.command.1.tlog
