c:\users\feder\desktop\crazyengine\crazyengine\debug\vc140.pdb
c:\users\feder\desktop\crazyengine\crazyengine\debug\vc140.idb
c:\users\feder\desktop\crazyengine\crazyengine\debug\cameratest.obj
c:\users\feder\desktop\crazyengine\crazyengine\debug\firsttest.obj
c:\users\feder\desktop\crazyengine\crazyengine\debug\main.obj
c:\users\feder\desktop\crazyengine\crazyengine\debug\meshtest.obj
c:\users\feder\desktop\crazyengine\crazyengine\debug\secondtest.obj
c:\users\feder\desktop\crazyengine\crazyengine\debug\spritetest.obj
c:\users\feder\desktop\crazyengine\crazyengine\debug\test.obj
c:\users\feder\desktop\crazyengine\debug\crazyengine.ilk
c:\users\feder\desktop\crazyengine\debug\crazyengine.exe
c:\users\feder\desktop\crazyengine\debug\crazyengine.pdb
c:\users\federico\desktop\crazyengine\crazyengine\debug\cameratest.obj
c:\users\federico\desktop\crazyengine\crazyengine\debug\firsttest.obj
c:\users\federico\desktop\crazyengine\crazyengine\debug\main.obj
c:\users\federico\desktop\crazyengine\crazyengine\debug\meshtest.obj
c:\users\federico\desktop\crazyengine\crazyengine\debug\secondtest.obj
c:\users\federico\desktop\crazyengine\crazyengine\debug\spritetest.obj
c:\users\federico\desktop\crazyengine\crazyengine\debug\test.obj
c:\users\federico\desktop\crazyengine\crazyengine\debug\vc140.idb
c:\users\federico\desktop\crazyengine\crazyengine\debug\vc140.pdb
c:\users\federico\desktop\crazyengine\debug\crazyengine.pdb
c:\users\federico\desktop\crazyengine\debug\crazyengine.exe
c:\users\federico\desktop\crazyengine\debug\crazyengine.ilk
c:\users\federico\desktop\crazyengine\crazyengine\debug\crazyengine.tlog\cl.command.1.tlog
c:\users\federico\desktop\crazyengine\crazyengine\debug\crazyengine.tlog\cl.read.1.tlog
c:\users\federico\desktop\crazyengine\crazyengine\debug\crazyengine.tlog\cl.write.1.tlog
c:\users\federico\desktop\crazyengine\crazyengine\debug\crazyengine.tlog\link.command.1.tlog
c:\users\federico\desktop\crazyengine\crazyengine\debug\crazyengine.tlog\link.read.1.tlog
c:\users\federico\desktop\crazyengine\crazyengine\debug\crazyengine.tlog\link.write.1.tlog
