  PlayerArk.cpp
  main.cpp
  Level.cpp
d:\gitproject\crazyengine\arkanoid\level.cpp(27): warning C4018: '<': signed/unsigned mismatch
d:\gitproject\crazyengine\arkanoid\level.cpp(30): warning C4018: '<': signed/unsigned mismatch
d:\gitproject\crazyengine\arkanoid\level.cpp(71): warning C4018: '<': signed/unsigned mismatch
d:\gitproject\crazyengine\arkanoid\level.cpp(73): warning C4018: '<': signed/unsigned mismatch
d:\gitproject\crazyengine\arkanoid\level.cpp(99): warning C4018: '<': signed/unsigned mismatch
d:\gitproject\crazyengine\arkanoid\level.cpp(108): warning C4018: '<': signed/unsigned mismatch
d:\gitproject\crazyengine\arkanoid\level.cpp(115): warning C4018: '<': signed/unsigned mismatch
d:\gitproject\crazyengine\arkanoid\level.cpp(166): warning C4018: '<': signed/unsigned mismatch
d:\gitproject\crazyengine\arkanoid\level.cpp(172): warning C4018: '<': signed/unsigned mismatch
d:\gitproject\crazyengine\arkanoid\level.cpp(189): warning C4018: '<': signed/unsigned mismatch
d:\gitproject\crazyengine\arkanoid\level.cpp(202): warning C4018: '<': signed/unsigned mismatch
d:\gitproject\crazyengine\arkanoid\level.cpp(216): warning C4018: '<': signed/unsigned mismatch
  Ball.cpp
  Arkanoid.cpp
d:\gitproject\crazyengine\arkanoid\arkanoid.cpp(27): warning C4244: 'argument': conversion from 'time_t' to 'unsigned int', possible loss of data
  ActorGame.cpp
  Generating Code...
d:\gitproject\crazyengine\engine\tsingleton.h(31): warning C4715: 'Engine::TSingleton<Engine::Window>::GetSingleton': not all control paths return a value
d:\gitproject\crazyengine\engine\tsingleton.h(31): warning C4715: 'Engine::TSingleton<Engine::Game>::GetSingleton': not all control paths return a value
d:\gitproject\crazyengine\engine\tsingleton.h(31): warning C4715: 'Engine::TSingleton<Engine::Window>::GetSingleton': not all control paths return a value
     Creating library D:\GitProject\CrazyEngine\Debug\Arkanoid.lib and object D:\GitProject\CrazyEngine\Debug\Arkanoid.exp
Engine.lib(stb_image_aug.obj) : warning LNK4099: PDB 'SOIL.pdb' was not found with 'Engine.lib(stb_image_aug.obj)' or at 'D:\GitProject\CrazyEngine\Debug\SOIL.pdb'; linking object as if no debug info
Engine.lib(SOIL.obj) : warning LNK4099: PDB 'SOIL.pdb' was not found with 'Engine.lib(SOIL.obj)' or at 'D:\GitProject\CrazyEngine\Debug\SOIL.pdb'; linking object as if no debug info
Engine.lib(image_helper.obj) : warning LNK4099: PDB 'SOIL.pdb' was not found with 'Engine.lib(image_helper.obj)' or at 'D:\GitProject\CrazyEngine\Debug\SOIL.pdb'; linking object as if no debug info
Engine.lib(image_DXT.obj) : warning LNK4099: PDB 'SOIL.pdb' was not found with 'Engine.lib(image_DXT.obj)' or at 'D:\GitProject\CrazyEngine\Debug\SOIL.pdb'; linking object as if no debug info
  Arkanoid.vcxproj -> D:\GitProject\CrazyEngine\Debug\Arkanoid.exe
  Arkanoid.vcxproj -> D:\GitProject\CrazyEngine\Debug\Arkanoid.pdb (Full PDB)
