  Player.cpp
d:\gitproject\crazyengine\game1\player.cpp(79): warning C4018: '<': signed/unsigned mismatch
d:\gitproject\crazyengine\game1\player.cpp(96): warning C4018: '<': signed/unsigned mismatch
  main.cpp
d:\gitproject\crazyengine\engine\camera3d.h(30): warning C4244: '=': conversion from 'int' to 'float', possible loss of data
  GameTest1.cpp
d:\gitproject\crazyengine\engine\camera3d.h(30): warning C4244: '=': conversion from 'int' to 'float', possible loss of data
d:\gitproject\crazyengine\game1\gametest1.cpp(19): warning C4244: 'argument': conversion from 'int' to 'float', possible loss of data
d:\gitproject\crazyengine\game1\gametest1.cpp(38): warning C4244: 'argument': conversion from 'time_t' to 'unsigned int', possible loss of data
d:\gitproject\crazyengine\game1\gametest1.cpp(118): warning C4018: '<': signed/unsigned mismatch
d:\gitproject\crazyengine\game1\gametest1.cpp(161): warning C4018: '<': signed/unsigned mismatch
  Generating Code...
d:\gitproject\crazyengine\engine\tsingleton.h(31): warning C4715: 'Engine::TSingleton<Engine::Window>::GetSingleton': not all control paths return a value
d:\gitproject\crazyengine\engine\tsingleton.h(31): warning C4715: 'Engine::TSingleton<Engine::Window>::GetSingleton': not all control paths return a value
     Creating library D:\GitProject\CrazyEngine\Debug\Game1.lib and object D:\GitProject\CrazyEngine\Debug\Game1.exp
Engine.lib(stb_image_aug.obj) : warning LNK4099: PDB 'SOIL.pdb' was not found with 'Engine.lib(stb_image_aug.obj)' or at 'D:\GitProject\CrazyEngine\Debug\SOIL.pdb'; linking object as if no debug info
Engine.lib(SOIL.obj) : warning LNK4099: PDB 'SOIL.pdb' was not found with 'Engine.lib(SOIL.obj)' or at 'D:\GitProject\CrazyEngine\Debug\SOIL.pdb'; linking object as if no debug info
Engine.lib(image_helper.obj) : warning LNK4099: PDB 'SOIL.pdb' was not found with 'Engine.lib(image_helper.obj)' or at 'D:\GitProject\CrazyEngine\Debug\SOIL.pdb'; linking object as if no debug info
Engine.lib(image_DXT.obj) : warning LNK4099: PDB 'SOIL.pdb' was not found with 'Engine.lib(image_DXT.obj)' or at 'D:\GitProject\CrazyEngine\Debug\SOIL.pdb'; linking object as if no debug info
  Game1.vcxproj -> D:\GitProject\CrazyEngine\Debug\Game1.exe
  Game1.vcxproj -> D:\GitProject\CrazyEngine\Debug\Game1.pdb (Full PDB)
