  PathFinding.cpp
d:\gitproject\crazyengine\engine\tsingleton.h(32): error C2953: 'TSingleton': class template has already been defined
  d:\gitproject\crazyengine\engine\tsingleton.h(5): note: see declaration of 'TSingleton'
d:\gitproject\crazyengine\engine\tsingleton.h(35): error C2086: 'T *TSingleton<T>::m_istance': redefinition
  d:\gitproject\crazyengine\engine\tsingleton.h(7): note: see declaration of 'TSingleton<T>::m_istance'
d:\gitproject\crazyengine\pathfinding\pathfinding.h(8): error C2955: 'TSingleton': use of class template requires template argument list
  d:\gitproject\crazyengine\engine\tsingleton.h(5): note: see declaration of 'TSingleton'
d:\gitproject\crazyengine\pathfinding\pathfinding.cpp(29): error C2039: 'getSDLRenderer': is not a member of 'Engine::Window'
  d:\gitproject\crazyengine\engine\window.h(31): note: see declaration of 'Engine::Window'
d:\gitproject\crazyengine\pathfinding\pathfinding.cpp(46): error C2039: 'getWindow': is not a member of 'Engine::Window'
  d:\gitproject\crazyengine\engine\window.h(31): note: see declaration of 'Engine::Window'
d:\gitproject\crazyengine\pathfinding\pathfinding.cpp(46): error C3861: 'getWindow': identifier not found
d:\gitproject\crazyengine\pathfinding\pathfinding.cpp(46): error C2227: left of '->getSDLRenderer' must point to class/struct/union/generic type
  d:\gitproject\crazyengine\pathfinding\pathfinding.cpp(46): note: type is 'unknown-type'
  main.cpp
d:\gitproject\crazyengine\engine\tsingleton.h(32): error C2953: 'TSingleton': class template has already been defined
  d:\gitproject\crazyengine\engine\tsingleton.h(5): note: see declaration of 'TSingleton'
d:\gitproject\crazyengine\engine\tsingleton.h(35): error C2086: 'T *TSingleton<T>::m_istance': redefinition
  d:\gitproject\crazyengine\engine\tsingleton.h(7): note: see declaration of 'TSingleton<T>::m_istance'
d:\gitproject\crazyengine\pathfinding\pathfinding.h(8): error C2955: 'TSingleton': use of class template requires template argument list
  d:\gitproject\crazyengine\engine\tsingleton.h(5): note: see declaration of 'TSingleton'
  Generating Code...
